2025-06-07 22:04:51,937 - INFO - Connecting to 149.154.167.51:443/TcpFull...
2025-06-07 22:04:53,013 - INFO - Connection to 149.154.167.51:443/TcpFull complete!
2025-06-07 22:05:21,457 - INFO - ✅ Успішно підключено до Telegram
2025-06-07 22:05:21,457 - INFO - Завантажено 31 груп з файлу groups.txt
2025-06-07 22:05:21,458 - INFO - Завантажено 11 повідомлень з файлу messages.txt
2025-06-07 22:05:21,458 - INFO - Початок розсилки в 31 груп
2025-06-07 22:05:21,458 - INFO - [1/31] Надсилання в групу: https://t.me/indi_kieva
2025-06-07 22:05:21,460 - INFO - Повідомлення: Транссексуалка! Красотка с шикарными формами тела,...
2025-06-07 22:05:21,694 - INFO - ✅ Повідомлення успішно надіслано в групу: https://t.me/indi_kieva
2025-06-07 22:05:21,695 - INFO - Наступна затримка: 51 хвилин (3060 секунд)
2025-06-07 22:05:21,695 - INFO - ⏳ Очікування 51 хвилин перед наступним повідомленням...
2025-06-07 22:05:35,912 - INFO - Disconnecting from 149.154.167.51:443/TcpFull...
2025-06-07 22:05:35,912 - INFO - Disconnection from 149.154.167.51:443/TcpFull complete!
2025-06-07 22:11:56,333 - INFO - Connecting to 149.154.167.51:443/TcpFull...
2025-06-07 22:11:56,367 - INFO - Connection to 149.154.167.51:443/TcpFull complete!
2025-06-07 22:11:57,153 - INFO - ✅ Успішно підключено до Telegram
2025-06-07 22:11:57,154 - INFO - Завантажено 31 груп з файлу groups.txt
2025-06-07 22:11:57,154 - INFO - Завантажено 11 повідомлень з файлу messages.txt
2025-06-07 22:11:57,154 - INFO - Початок розсилки в 31 груп, циклів: 1
2025-06-07 22:11:57,154 - INFO - ============================================================
2025-06-07 22:11:57,154 - INFO - 🔄 ЦИКЛ 1/1
2025-06-07 22:11:57,154 - INFO - ============================================================
2025-06-07 22:11:57,154 - INFO - [1/31] Надсилання в групу: https://t.me/indi_kieva
2025-06-07 22:11:57,154 - INFO - Повідомлення: Милашка транс-гёрл познакомиться для совместного о...
2025-06-07 22:11:57,453 - INFO - ✅ Повідомлення успішно надіслано в групу: https://t.me/indi_kieva
2025-06-07 22:11:57,454 - INFO - ⏳ Мала затримка: 6 секунд...
2025-06-07 22:12:03,455 - INFO - [2/31] Надсилання в групу: https://t.me/RealUkraine7
2025-06-07 22:12:03,455 - INFO - Повідомлення: Транси. Опытная и умелая малышка. Обещаю удовлетво...
2025-06-07 22:12:03,654 - INFO - ✅ Повідомлення успішно надіслано в групу: https://t.me/RealUkraine7
2025-06-07 22:12:03,655 - INFO - ⏳ Мала затримка: 5 секунд...
2025-06-07 22:12:08,662 - INFO - [3/31] Надсилання в групу: https://t.me/virt18_chat
2025-06-07 22:12:08,663 - INFO - Повідомлення: Аккуратная транси.💦 Приеду, мы с тобой развлечёмся...
2025-06-07 22:12:09,326 - INFO - ✅ Повідомлення успішно надіслано в групу: https://t.me/virt18_chat
2025-06-07 22:12:09,326 - INFO - ⏳ Мала затримка: 10 секунд...
2025-06-07 22:12:15,661 - INFO - Got difference for account updates
2025-06-07 22:12:19,329 - INFO - [4/31] Надсилання в групу: https://t.me/znakomsya_kiev
2025-06-07 22:12:19,330 - INFO - Повідомлення: Дерзкая,но шикарная девушка транс желает познакоми...
2025-06-07 22:12:19,389 - INFO - Got difference for account updates
2025-06-07 22:12:19,699 - INFO - ✅ Повідомлення успішно надіслано в групу: https://t.me/znakomsya_kiev
2025-06-07 22:12:19,700 - INFO - ⏳ Мала затримка: 11 секунд...
2025-06-07 22:12:29,578 - INFO - Got difference for channel 2009841689 updates
2025-06-07 22:12:30,707 - INFO - [5/31] Надсилання в групу: https://t.me/virt_chatyk
2025-06-07 22:12:30,708 - INFO - Повідомлення: Транси🔞🤓
Опытная и умелая малышка. Обещаю удовлетв...
2025-06-07 22:12:30,876 - INFO - ✅ Повідомлення успішно надіслано в групу: https://t.me/virt_chatyk
2025-06-07 22:12:30,877 - INFO - ⏳ Мала затримка: 5 секунд...
2025-06-07 22:12:34,571 - INFO - Got difference for channel 2009841689 updates
2025-06-07 22:12:35,878 - INFO - [6/31] Надсилання в групу: https://t.me/virt_kiev_znakomstva24
2025-06-07 22:12:35,878 - INFO - Повідомлення: Аккуратная транси. Приеду, мы с тобой развлечёмся....
2025-06-07 22:12:36,075 - INFO - ✅ Повідомлення успішно надіслано в групу: https://t.me/virt_kiev_znakomstva24
2025-06-07 22:12:36,075 - INFO - ⏳ Мала затримка: 12 секунд...
2025-06-07 22:12:48,085 - INFO - [7/31] Надсилання в групу: https://t.me/virt_kiev24
2025-06-07 22:12:48,086 - INFO - Повідомлення: Трансдевушка гибкая как киса!Настоящая красавица в...
2025-06-07 22:12:48,489 - INFO - ✅ Повідомлення успішно надіслано в групу: https://t.me/virt_kiev24
2025-06-07 22:12:48,490 - INFO - ⏳ Мала затримка: 10 секунд...
2025-06-07 22:12:50,324 - INFO - Got difference for channel 2591229085 updates
2025-06-07 22:12:50,911 - INFO - Got difference for channel 2462095739 updates
2025-06-07 22:12:53,498 - INFO - Got difference for channel 2462095739 updates
2025-06-07 22:12:58,504 - INFO - [8/31] Надсилання в групу: https://t.me/kiev_virt24
2025-06-07 22:12:58,504 - INFO - Повідомлення: Транси. Опытная и умелая малышка. Обещаю удовлетво...
2025-06-07 22:12:58,786 - INFO - ✅ Повідомлення успішно надіслано в групу: https://t.me/kiev_virt24
2025-06-07 22:12:58,786 - INFO - ⏳ Мала затримка: 8 секунд...
2025-06-07 22:12:59,342 - INFO - Got difference for channel 2406394579 updates
2025-06-07 22:13:00,039 - INFO - Got difference for account updates
2025-06-07 22:13:00,178 - INFO - Got difference for channel 2462095739 updates
2025-06-07 22:13:04,022 - INFO - Got difference for channel 2406394579 updates
2025-06-07 22:13:04,707 - INFO - Got difference for channel 2591229085 updates
2025-06-07 22:13:06,423 - INFO - Got difference for account updates
2025-06-07 22:13:06,796 - INFO - [9/31] Надсилання в групу: https://t.me/virt_chatznakomstva1
2025-06-07 22:13:06,797 - INFO - Повідомлення: Аккуратная транси.💦 Приеду, мы с тобой развлечёмся...
2025-06-07 22:13:07,083 - INFO - ✅ Повідомлення успішно надіслано в групу: https://t.me/virt_chatznakomstva1
2025-06-07 22:13:07,083 - INFO - ⏳ Мала затримка: 12 секунд...
2025-06-07 22:13:08,405 - INFO - Got difference for channel 1986403005 updates
2025-06-07 22:13:19,085 - INFO - [10/31] Надсилання в групу: https://t.me/UkraineVirtChat5
2025-06-07 22:13:19,085 - INFO - Повідомлення: Аккуратная транси. Приеду, мы с тобой развлечёмся....
2025-06-07 22:13:19,591 - INFO - ✅ Повідомлення успішно надіслано в групу: https://t.me/UkraineVirtChat5
2025-06-07 22:13:19,591 - INFO - ⏳ Мала затримка: 12 секунд...
2025-06-07 22:13:21,055 - INFO - Got difference for channel 2600065536 updates
2025-06-07 22:13:31,606 - INFO - [11/31] Надсилання в групу: https://t.me/CommunicationUkraine777
2025-06-07 22:13:31,607 - INFO - Повідомлення: Милашка транс-гёрл познакомиться для совместного о...
2025-06-07 22:13:31,816 - INFO - ✅ Повідомлення успішно надіслано в групу: https://t.me/CommunicationUkraine777
2025-06-07 22:13:31,816 - INFO - ⏳ Мала затримка: 7 секунд...
2025-06-07 22:13:38,822 - INFO - [12/31] Надсилання в групу: https://t.me/kiev_virtik_24
2025-06-07 22:13:38,822 - INFO - Повідомлення: Транси🔞🤓
Опытная и умелая малышка. Обещаю удовлетв...
2025-06-07 22:13:39,027 - INFO - ✅ Повідомлення успішно надіслано в групу: https://t.me/kiev_virtik_24
2025-06-07 22:13:39,027 - INFO - ⏳ Мала затримка: 15 секунд...
2025-06-07 22:13:45,458 - INFO - Got difference for channel 2009841689 updates
2025-06-07 22:13:48,968 - INFO - Got difference for channel 2406394579 updates
2025-06-07 22:13:54,039 - INFO - [13/31] Надсилання в групу: https://t.me/elu_kyiv
2025-06-07 22:13:54,039 - INFO - Повідомлення: Транссексуалка! Красотка с шикарными формами тела,...
2025-06-07 22:13:54,295 - INFO - ✅ Повідомлення успішно надіслано в групу: https://t.me/elu_kyiv
2025-06-07 22:13:54,296 - INFO - ⏳ Мала затримка: 9 секунд...
2025-06-07 22:13:56,481 - INFO - Got difference for channel 2568129092 updates
2025-06-07 22:13:57,431 - INFO - Got difference for channel 2591229085 updates
2025-06-07 22:13:57,689 - INFO - Got difference for channel 2406394579 updates
2025-06-07 22:14:00,773 - INFO - Got difference for channel 2406394579 updates
2025-06-07 22:14:03,297 - INFO - [14/31] Надсилання в групу: https://t.me/vstrechi_kyiv
2025-06-07 22:14:03,297 - INFO - Повідомлення: Аккуратная транси. Приеду, мы с тобой развлечёмся....
2025-06-07 22:14:03,464 - INFO - ✅ Повідомлення успішно надіслано в групу: https://t.me/vstrechi_kyiv
2025-06-07 22:14:03,464 - INFO - ⏳ Мала затримка: 9 секунд...
2025-06-07 22:14:03,894 - INFO - Got difference for channel 2406394579 updates
2025-06-07 22:14:04,021 - INFO - Got difference for channel 2231978061 updates
2025-06-07 22:14:04,515 - INFO - Got difference for channel 2462095739 updates
2025-06-07 22:14:07,584 - INFO - Got difference for channel 2231978061 updates
2025-06-07 22:14:07,787 - INFO - Got difference for account updates
2025-06-07 22:14:12,471 - INFO - [15/31] Надсилання в групу: https://t.me/fei_kieva
2025-06-07 22:14:12,471 - INFO - Повідомлення: Транси🔞🤓
Опытная и умелая малышка. Обещаю удовлетв...
2025-06-07 22:14:12,678 - INFO - ✅ Повідомлення успішно надіслано в групу: https://t.me/fei_kieva
2025-06-07 22:14:12,679 - INFO - ⏳ Мала затримка: 9 секунд...
2025-06-07 22:14:13,632 - INFO - Got difference for channel 2568129092 updates
2025-06-07 22:14:17,873 - INFO - Disconnecting from 149.154.167.51:443/TcpFull...
2025-06-07 22:14:17,874 - INFO - Disconnection from 149.154.167.51:443/TcpFull complete!
